0 info it worked if it ends with ok
1 verbose cli [ '/Users/liuhuizhi/.nvm/versions/node/v4.4.4/bin/node',
1 verbose cli   '/Users/liuhuizhi/.nvm/versions/node/v4.4.4/bin/npm',
1 verbose cli   'start' ]
2 info using npm@3.8.9
3 info using node@v4.4.4
4 verbose stack Error: Failed to parse json
4 verbose stack Trailing comma in object at 18:1
4 verbose stack }
4 verbose stack ^
4 verbose stack     at parseError (/Users/liuhuizhi/.nvm/versions/node/v4.4.4/lib/node_modules/npm/node_modules/read-package-json/read-json.js:390:11)
4 verbose stack     at parseJson (/Users/liuhuizhi/.nvm/versions/node/v4.4.4/lib/node_modules/npm/node_modules/read-package-json/read-json.js:79:23)
4 verbose stack     at /Users/liuhuizhi/.nvm/versions/node/v4.4.4/lib/node_modules/npm/node_modules/read-package-json/read-json.js:48:5
4 verbose stack     at /Users/liuhuizhi/.nvm/versions/node/v4.4.4/lib/node_modules/npm/node_modules/graceful-fs/graceful-fs.js:78:16
4 verbose stack     at FSReqWrap.readFileAfterClose [as oncomplete] (fs.js:380:3)
5 verbose cwd /Users/liuhuizhi/Desktop/organizations
6 error Darwin 15.3.0
7 error argv "/Users/liuhuizhi/.nvm/versions/node/v4.4.4/bin/node" "/Users/liuhuizhi/.nvm/versions/node/v4.4.4/bin/npm" "start"
8 error node v4.4.4
9 error npm  v3.8.9
10 error file /Users/liuhuizhi/Desktop/organizations/package.json
11 error code EJSONPARSE
12 error Failed to parse json
12 error Trailing comma in object at 18:1
12 error }
12 error ^
13 error File: /Users/liuhuizhi/Desktop/organizations/package.json
14 error Failed to parse package.json data.
14 error package.json must be actual JSON, not just JavaScript.
14 error
14 error This is not a bug in npm.
14 error Tell the package author to fix their package.json file. JSON.parse
15 verbose exit [ 1, true ]
